<?xml version="1.0" encoding="UTF-8" ?>
<testsuite tests="1" failures="0" name="com.taskcanvas.TestHomePage" time="0.185" errors="0" skipped="0">
  <properties>
    <property name="java.runtime.name" value="OpenJDK Runtime Environment"/>
    <property name="sun.boot.library.path" value="/Users/kame/.sdkman/candidates/java/8.0.422-zulu/zulu-8.jdk/Contents/Home/jre/lib"/>
    <property name="java.vm.version" value="25.422-b05"/>
    <property name="gopherProxySet" value="false"/>
    <property name="jdk.vendor.version" value="Zulu 8.80.0.17-CA-macos-aarch64"/>
    <property name="java.vm.vendor" value="Azul Systems, Inc."/>
    <property name="maven.multiModuleProjectDirectory" value="/Users/kame/kame/task-canvas-profile"/>
    <property name="java.vendor.url" value="http://www.azul.com/"/>
    <property name="path.separator" value=":"/>
    <property name="guice.disable.misplaced.annotation.check" value="true"/>
    <property name="java.vm.name" value="OpenJDK 64-Bit Server VM"/>
    <property name="file.encoding.pkg" value="sun.io"/>
    <property name="user.country" value="JP"/>
    <property name="sun.java.launcher" value="SUN_STANDARD"/>
    <property name="sun.os.patch.level" value="unknown"/>
    <property name="java.vm.specification.name" value="Java Virtual Machine Specification"/>
    <property name="user.dir" value="/Users/kame/kame/task-canvas-profile"/>
    <property name="java.runtime.version" value="1.8.0_422-b05"/>
    <property name="java.awt.graphicsenv" value="sun.awt.CGraphicsEnvironment"/>
    <property name="java.endorsed.dirs" value="/Users/kame/.sdkman/candidates/java/8.0.422-zulu/zulu-8.jdk/Contents/Home/jre/lib/endorsed"/>
    <property name="os.arch" value="aarch64"/>
    <property name="java.io.tmpdir" value="/var/folders/r5/tf9slffx1r9009jzh48_4fy00000gn/T/"/>
    <property name="line.separator" value="
"/>
    <property name="java.vm.specification.vendor" value="Oracle Corporation"/>
    <property name="os.name" value="Mac OS X"/>
    <property name="classworlds.conf" value="/Users/kame/.asdf/installs/maven/3.6.3/bin/m2.conf"/>
    <property name="sun.jnu.encoding" value="UTF-8"/>
    <property name="java.library.path" value="/Users/kame/Library/Java/Extensions:/Library/Java/Extensions:/Network/Library/Java/Extensions:/System/Library/Java/Extensions:/usr/lib/java:."/>
    <property name="maven.conf" value="/Users/kame/.asdf/installs/maven/3.6.3/conf"/>
    <property name="java.specification.name" value="Java Platform API Specification"/>
    <property name="java.class.version" value="52.0"/>
    <property name="sun.management.compiler" value="HotSpot 64-Bit Tiered Compilers"/>
    <property name="os.version" value="15.0.1"/>
    <property name="library.jansi.path" value="/Users/kame/.asdf/installs/maven/3.6.3/lib/jansi-native"/>
    <property name="http.nonProxyHosts" value="local|*.local|169.254/16|*.169.254/16"/>
    <property name="user.home" value="/Users/kame"/>
    <property name="user.timezone" value="Asia/Tokyo"/>
    <property name="java.awt.printerjob" value="sun.lwawt.macosx.CPrinterJob"/>
    <property name="java.specification.version" value="1.8"/>
    <property name="file.encoding" value="UTF-8"/>
    <property name="user.name" value="kame"/>
    <property name="java.class.path" value="/Users/kame/.asdf/installs/maven/3.6.3/boot/plexus-classworlds-2.6.0.jar"/>
    <property name="java.vm.specification.version" value="1.8"/>
    <property name="sun.arch.data.model" value="64"/>
    <property name="java.home" value="/Users/kame/.sdkman/candidates/java/8.0.422-zulu/zulu-8.jdk/Contents/Home/jre"/>
    <property name="sun.java.command" value="org.codehaus.plexus.classworlds.launcher.Launcher clean install"/>
    <property name="java.specification.vendor" value="Oracle Corporation"/>
    <property name="user.language" value="ja"/>
    <property name="awt.toolkit" value="sun.lwawt.macosx.LWCToolkit"/>
    <property name="java.vm.info" value="mixed mode"/>
    <property name="java.version" value="1.8.0_422"/>
    <property name="java.ext.dirs" value="/Users/kame/Library/Java/Extensions:/Users/kame/.sdkman/candidates/java/8.0.422-zulu/zulu-8.jdk/Contents/Home/jre/lib/ext:/Library/Java/Extensions:/Network/Library/Java/Extensions:/System/Library/Java/Extensions:/usr/lib/java"/>
    <property name="sun.boot.class.path" value="/Users/kame/.sdkman/candidates/java/8.0.422-zulu/zulu-8.jdk/Contents/Home/jre/lib/resources.jar:/Users/kame/.sdkman/candidates/java/8.0.422-zulu/zulu-8.jdk/Contents/Home/jre/lib/rt.jar:/Users/kame/.sdkman/candidates/java/8.0.422-zulu/zulu-8.jdk/Contents/Home/jre/lib/sunrsasign.jar:/Users/kame/.sdkman/candidates/java/8.0.422-zulu/zulu-8.jdk/Contents/Home/jre/lib/jsse.jar:/Users/kame/.sdkman/candidates/java/8.0.422-zulu/zulu-8.jdk/Contents/Home/jre/lib/jce.jar:/Users/kame/.sdkman/candidates/java/8.0.422-zulu/zulu-8.jdk/Contents/Home/jre/lib/charsets.jar:/Users/kame/.sdkman/candidates/java/8.0.422-zulu/zulu-8.jdk/Contents/Home/jre/lib/jfr.jar:/Users/kame/.sdkman/candidates/java/8.0.422-zulu/zulu-8.jdk/Contents/Home/jre/lib/cat.jar:/Users/kame/.sdkman/candidates/java/8.0.422-zulu/zulu-8.jdk/Contents/Home/jre/classes"/>
    <property name="java.vendor" value="Azul Systems, Inc."/>
    <property name="java.specification.maintenance.version" value="5"/>
    <property name="maven.home" value="/Users/kame/.asdf/installs/maven/3.6.3"/>
    <property name="file.separator" value="/"/>
    <property name="java.vendor.url.bug" value="http://www.azul.com/support/"/>
    <property name="sun.cpu.endian" value="little"/>
    <property name="sun.io.unicode.encoding" value="UnicodeBig"/>
    <property name="socksNonProxyHosts" value="local|*.local|169.254/16|*.169.254/16"/>
    <property name="ftp.nonProxyHosts" value="local|*.local|169.254/16|*.169.254/16"/>
    <property name="sun.cpu.isalist" value=""/>
  </properties>
  <testcase classname="com.taskcanvas.TestHomePage" name="homepageRendersSuccessfully" time="0.185"/>
</testsuite>